Preparing dataset 'idrid'...
Preparing file loading from C:\Personal\DL_Lab\IDRID_dataset...
C:\Personal\DL_Lab\IDRID_dataset/labels/test.csv
  Image name Retinopathy grade Risk of macular edema
1  IDRiD_001                 4                     0
2  IDRiD_002                 4                     1
3  IDRiD_003                 4                     0
4  IDRiD_004                 4                     0
5  IDRiD_005                 4                     1
Conversion completed
371
42
413
    Image name Retinopathy grade Risk of macular edema
372  IDRiD_372                 3                     2
373  IDRiD_373                 0                     0
374  IDRiD_374                 2                     1
375  IDRiD_375                 2                     1
376  IDRiD_376                 3                     2
Positive and negative datasets created
Empty DataFrame
Columns: [Image name, Retinopathy grade, Risk of macular edema]
Index: []
paths found
Values known
[]
make_ds works
All basic datasets created
From C:\Personal\DL_Lab\input_pipeline\dataset_loader.py:213: CounterV2 (from tensorflow.python.data.experimental.ops.counter) is deprecated and will be removed in a future version.
Instructions for updating:
Use `tf.data.Dataset.counter(...)` instead.
From C:\Personal\DL_Lab\input_pipeline\dataset_loader.py:213: CounterV2 (from tensorflow.python.data.experimental.ops.counter) is deprecated and will be removed in a future version.
Instructions for updating:
Use `tf.data.Dataset.counter(...)` instead.
Datasets corresponding to True sampling and augmentation created
Datasets corresponding to True created
Training starts
Training starts
None
