Preparing dataset 'idrid'...
training clahe done
testing clahe done
Preparing file loading from C:\Personal\DL_Lab\IDRID_dataset...
C:\Personal\DL_Lab\IDRID_dataset/labels/test.csv
  Image name  Retinopathy grade Risk of macular edema
1  IDRiD_001                  1                     0
2  IDRiD_002                  1                     1
3  IDRiD_003                  1                     0
4  IDRiD_004                  1                     0
5  IDRiD_005                  1                     1
Conversion completed
371
42
413
    Image name  Retinopathy grade Risk of macular edema
372  IDRiD_372                  1                     2
373  IDRiD_373                  0                     0
374  IDRiD_374                  1                     1
375  IDRiD_375                  1                     1
376  IDRiD_376                  1                     2
Positive and negative datasets created
  Image name  Retinopathy grade Risk of macular edema
1  IDRiD_001                  1                     2
2  IDRiD_002                  1                     2
3  IDRiD_003                  1                     2
4  IDRiD_004                  1                     2
5  IDRiD_005                  1                     0
paths found
Values known
make_ds works
All basic datasets created
From C:\Personal\DL_Lab\input_pipeline\dataset_loader.py:253: CounterV2 (from tensorflow.python.data.experimental.ops.counter) is deprecated and will be removed in a future version.
Instructions for updating:
Use `tf.data.Dataset.counter(...)` instead.
From C:\Personal\DL_Lab\input_pipeline\dataset_loader.py:253: CounterV2 (from tensorflow.python.data.experimental.ops.counter) is deprecated and will be removed in a future version.
Instructions for updating:
Use `tf.data.Dataset.counter(...)` instead.
Datasets corresponding to True sampling and augmentation created
Datasets corresponding to True created
tf.Tensor(
[1 1 1 1 1 0 0 0 1 1 1 1 0 1 0 0 1 1 1 0 1 1 1 1 0 0 0 1 1 1 1 1 1 1 0 0 0
 1 0 0 0 0 0 1 0 0 0 1 1 1 1 1 0 1 0 0 1 0 0 0 1 1 1 0], shape=(64,), dtype=int64)
Training starts
Training starts
None

Start of epoch: 0 - Train - loss: 0.70, acc: 0.48, recall: 0.53, precision: 0.48, Val - loss: 0.68, acc: 0.60, recall: 1.00, precision: 0.60, Time: 44.65

Start of epoch: 1 - Train - loss: 0.70, acc: 0.50, recall: 0.57, precision: 0.50, Val - loss: 0.70, acc: 0.43, recall: 0.04, precision: 1.00, Time: 44.32

Start of epoch: 2 - Train - loss: 0.68, acc: 0.64, recall: 0.59, precision: 0.66, Val - loss: 0.68, acc: 0.57, recall: 0.96, precision: 0.59, Time: 43.33

Start of epoch: 3 - Train - loss: 0.68, acc: 0.66, recall: 0.88, precision: 0.61, Val - loss: 0.69, acc: 0.48, recall: 0.72, precision: 0.55, Time: 48.10

Start of epoch: 4 - Train - loss: 0.68, acc: 0.61, recall: 0.34, precision: 0.75, Val - loss: 0.70, acc: 0.43, recall: 0.04, precision: 1.00, Time: 46.35

Start of epoch: 5 - Train - loss: 0.68, acc: 0.54, recall: 0.12, precision: 0.73, Val - loss: 0.69, acc: 0.64, recall: 0.56, precision: 0.78, Time: 44.27

Start of epoch: 6 - Train - loss: 0.67, acc: 0.64, recall: 0.75, precision: 0.62, Val - loss: 0.68, acc: 0.57, recall: 0.96, precision: 0.59, Time: 44.39

Start of epoch: 7 - Train - loss: 0.66, acc: 0.67, recall: 0.88, precision: 0.62, Val - loss: 0.68, acc: 0.55, recall: 0.72, precision: 0.60, Time: 44.32
