Preparing dataset 'idrid'...
training clahe done
testing clahe done
Preparing file loading from C:\Personal\DL_Lab\IDRID_dataset...
C:\Personal\DL_Lab\IDRID_dataset/labels/test.csv
  Image name  Retinopathy grade Risk of macular edema
1  IDRiD_001                  1                     0
2  IDRiD_002                  1                     1
3  IDRiD_003                  1                     0
4  IDRiD_004                  1                     0
5  IDRiD_005                  1                     1
Conversion completed
371
42
413
    Image name  Retinopathy grade Risk of macular edema
372  IDRiD_372                  1                     2
373  IDRiD_373                  0                     0
374  IDRiD_374                  1                     1
375  IDRiD_375                  1                     1
376  IDRiD_376                  1                     2
Positive and negative datasets created
  Image name  Retinopathy grade Risk of macular edema
1  IDRiD_001                  1                     2
2  IDRiD_002                  1                     2
3  IDRiD_003                  1                     2
4  IDRiD_004                  1                     2
5  IDRiD_005                  1                     0
paths found
Values known
make_ds works
All basic datasets created
From C:\Personal\DL_Lab\input_pipeline\dataset_loader.py:253: CounterV2 (from tensorflow.python.data.experimental.ops.counter) is deprecated and will be removed in a future version.
Instructions for updating:
Use `tf.data.Dataset.counter(...)` instead.
From C:\Personal\DL_Lab\input_pipeline\dataset_loader.py:253: CounterV2 (from tensorflow.python.data.experimental.ops.counter) is deprecated and will be removed in a future version.
Instructions for updating:
Use `tf.data.Dataset.counter(...)` instead.
Datasets corresponding to True sampling and augmentation created
Datasets corresponding to True created
Training starts
Training starts
None

Start of epoch: 0 - Train - loss: 0.70, acc: 0.50, recall: 0.76, precision: 0.50, Val - loss: 0.69, acc: 0.52, recall: 0.88, precision: 0.56, Time: 44.90

Start of epoch: 1 - Train - loss: 0.69, acc: 0.54, recall: 0.45, precision: 0.55, Val - loss: 0.70, acc: 0.40, recall: 0.00, precision: 0.00, Time: 44.50

Start of epoch: 2 - Train - loss: 0.71, acc: 0.50, recall: 0.02, precision: 0.62, Val - loss: 0.72, acc: 0.40, recall: 0.00, precision: 0.00, Time: 45.51

Start of epoch: 3 - Train - loss: 0.70, acc: 0.53, recall: 0.65, precision: 0.53, Val - loss: 0.67, acc: 0.60, recall: 1.00, precision: 0.60, Time: 44.91

Start of epoch: 4 - Train - loss: 0.69, acc: 0.57, recall: 0.91, precision: 0.54, Val - loss: 0.69, acc: 0.50, recall: 0.20, precision: 0.83, Time: 44.64

Start of epoch: 5 - Train - loss: 0.69, acc: 0.50, recall: 0.04, precision: 0.47, Val - loss: 0.72, acc: 0.40, recall: 0.00, precision: 0.00, Time: 45.40

Start of epoch: 6 - Train - loss: 0.68, acc: 0.58, recall: 0.28, precision: 0.70, Val - loss: 0.68, acc: 0.60, recall: 1.00, precision: 0.60, Time: 45.33

Start of epoch: 7 - Train - loss: 0.69, acc: 0.52, recall: 0.98, precision: 0.51, Val - loss: 0.67, acc: 0.60, recall: 1.00, precision: 0.60, Time: 45.89

Start of epoch: 8 - Train - loss: 0.68, acc: 0.62, recall: 0.71, precision: 0.60, Val - loss: 0.70, acc: 0.40, recall: 0.00, precision: 0.00, Time: 46.04
Compiled the loaded model, but the compiled metrics have yet to be built. `model.compile_metrics` will be empty until you train or evaluate the model.
Compiled the loaded model, but the compiled metrics have yet to be built. `model.compile_metrics` will be empty until you train or evaluate the model.
